<?xml version="1.0" encoding="UTF-8"?>
<testng-results skipped="0" failed="0" ignored="0" total="2" passed="2">
  <reporter-output>
  </reporter-output>
  <suite name="Command line suite" duration-ms="70" started-at="2019-01-28T23:49:16Z" finished-at="2019-01-28T23:49:16Z">
    <groups>
    </groups>
    <test name="Command line test" duration-ms="70" started-at="2019-01-28T23:49:16Z" finished-at="2019-01-28T23:49:16Z">
      <class name="com.maven.Maven_Practice.FirstTest">
        <test-method status="PASS" signature="firstmethod()[pri:0, instance:com.maven.Maven_Practice.FirstTest@880ec60]" name="firstmethod" duration-ms="15" started-at="2019-01-28T23:49:16Z" finished-at="2019-01-28T23:49:16Z">
          <reporter-output>
          </reporter-output>
        </test-method> <!-- firstmethod -->
      </class> <!-- com.maven.Maven_Practice.FirstTest -->
      <class name="com.maven.Maven_Practice.SecondTest">
        <test-method status="PASS" signature="secondmethod()[pri:0, instance:com.maven.Maven_Practice.SecondTest@3f3afe78]" name="secondmethod" duration-ms="1" started-at="2019-01-28T23:49:16Z" finished-at="2019-01-28T23:49:16Z">
          <reporter-output>
          </reporter-output>
        </test-method> <!-- secondmethod -->
      </class> <!-- com.maven.Maven_Practice.SecondTest -->
    </test> <!-- Command line test -->
  </suite> <!-- Command line suite -->
</testng-results>
